<?xml version="1.0" encoding="UTF-8"?>
<!-- Generated by org.testng.reporters.JUnitXMLReporter -->
<testsuite hostname="LAPTOP-JS1ND5UI" ignored="0" name="Default test" tests="2" failures="0" timestamp="14 Jan 2020 19:28:13 GMT" time="60.3" errors="0">
  <testcase name="createNewAccountInTestLeaf" time="17.507" classname="org.selenium.testcases.CreateAccounts"/>
  <testcase name="createNewAccountInTestLeaf" time="18.192" classname="org.selenium.testcases.CreateAccounts"/>
</testsuite> <!-- Default test -->
