<?xml version="1.0" encoding="UTF-8"?>
<!-- Generated by org.testng.reporters.JUnitXMLReporter -->
<testsuite hostname="LAPTOP-HAGVT14E" ignored="1" name="Test" tests="4" failures="1" timestamp="30 Jun 2021 10:59:55 GMT" time="5.418" errors="0">
  <testcase name="createNewAccountInTestLeaf" time="0.01" classname="org.selenium.testcases.CreateAccounts">
    <failure type="java.lang.NullPointerException">
      <![CDATA[java.lang.NullPointerException
at com.aventstack.extentreports.ExtentTest.log(ExtentTest.java:303)
at com.aventstack.extentreports.ExtentTest.fail(ExtentTest.java:601)
at org.selenium.utils.Reporter.reportStep(Reporter.java:96)
at org.selenium.utils.Reporter.reportStep(Reporter.java:69)
at org.selenium.base.SeMethods.locateElement(SeMethods.java:428)
at org.selenium.pages.LoginPage.enterUserName(LoginPage.java:12)
at org.selenium.testcases.CreateAccounts.createNewAccountInTestLeaf(CreateAccounts.java:27)
at java.util.concurrent.ThreadPoolExecutor.runWorker(Unknown Source)
at java.util.concurrent.ThreadPoolExecutor$Worker.run(Unknown Source)
at java.lang.Thread.run(Unknown Source)
... Removed 10 stack frames]]>
    </failure>
  </testcase> <!-- createNewAccountInTestLeaf -->
  <testcase name="doLoginAndLogout" time="0.213" classname="org.selenium.testcases.LoginAndLogout"/>
  <testcase name="createNewAccountInTestLeaf" time="0.028" classname="org.selenium.testcases.CreateAccounts"/>
  <testcase name="doLoginAndLogout" time="0.01" classname="org.selenium.testcases.LoginAndLogout"/>
  <testcase name="@BeforeSuite start" time="0.0" classname="org.selenium.utils.Reporter">
    <ignored/>
  </testcase> <!-- @BeforeSuite start -->
</testsuite> <!-- Test -->
