<?xml version="1.0" encoding="UTF-8"?>
<testng-results skipped="0" failed="0" ignored="0" total="5" passed="5">
  <reporter-output>
  </reporter-output>
  <suite name="Default suite" duration-ms="630" started-at="2022-05-14T16:24:06Z" finished-at="2022-05-14T16:24:07Z">
    <groups>
    </groups>
    <test name="Default test" duration-ms="630" started-at="2022-05-14T16:24:06Z" finished-at="2022-05-14T16:24:07Z">
      <class name="advancedselenium.DataProviderUsingMap">
        <test-method status="PASS" signature="getDataUsingMap(java.util.Map)[pri:0, instance:advancedselenium.DataProviderUsingMap@dafa95]" name="getDataUsingMap" duration-ms="9" started-at="2022-05-14T16:24:07Z" data-provider="fetchData" finished-at="2022-05-14T16:24:07Z">
          <params>
            <param index="0">
              <value>
                <![CDATA[{password=Vishveshwar@123, username=Vishveshwar}]]>
              </value>
            </param>
          </params>
          <reporter-output>
          </reporter-output>
        </test-method> <!-- getDataUsingMap -->
        <test-method status="PASS" signature="getDataUsingMap(java.util.Map)[pri:0, instance:advancedselenium.DataProviderUsingMap@dafa95]" name="getDataUsingMap" duration-ms="2" started-at="2022-05-14T16:24:07Z" data-provider="fetchData" finished-at="2022-05-14T16:24:07Z">
          <params>
            <param index="0">
              <value>
                <![CDATA[{password=Vidhya@123, username=Vidhya}]]>
              </value>
            </param>
          </params>
          <reporter-output>
          </reporter-output>
        </test-method> <!-- getDataUsingMap -->
        <test-method status="PASS" signature="getDataUsingMap(java.util.Map)[pri:0, instance:advancedselenium.DataProviderUsingMap@dafa95]" name="getDataUsingMap" duration-ms="2" started-at="2022-05-14T16:24:07Z" data-provider="fetchData" finished-at="2022-05-14T16:24:07Z">
          <params>
            <param index="0">
              <value>
                <![CDATA[{password=Harish@123, username=Harish}]]>
              </value>
            </param>
          </params>
          <reporter-output>
          </reporter-output>
        </test-method> <!-- getDataUsingMap -->
        <test-method status="PASS" signature="getDataUsingMap(java.util.Map)[pri:0, instance:advancedselenium.DataProviderUsingMap@dafa95]" name="getDataUsingMap" duration-ms="1" started-at="2022-05-14T16:24:07Z" data-provider="fetchData" finished-at="2022-05-14T16:24:07Z">
          <params>
            <param index="0">
              <value>
                <![CDATA[{password=Ramana@123, username=Ramana}]]>
              </value>
            </param>
          </params>
          <reporter-output>
          </reporter-output>
        </test-method> <!-- getDataUsingMap -->
        <test-method status="PASS" signature="getDataUsingMap(java.util.Map)[pri:0, instance:advancedselenium.DataProviderUsingMap@dafa95]" name="getDataUsingMap" duration-ms="2" started-at="2022-05-14T16:24:07Z" data-provider="fetchData" finished-at="2022-05-14T16:24:07Z">
          <params>
            <param index="0">
              <value>
                <![CDATA[{password=Balaji@123, username=Balaji}]]>
              </value>
            </param>
          </params>
          <reporter-output>
          </reporter-output>
        </test-method> <!-- getDataUsingMap -->
      </class> <!-- advancedselenium.DataProviderUsingMap -->
    </test> <!-- Default test -->
  </suite> <!-- Default suite -->
</testng-results>
